This is pdfTeX, Version 3.1415926-2.5-1.40.14 (MiKTeX 2.9) (preloaded format=pdflatex 2015.3.22)  27 MAR 2015 11:56
entering extended mode
**C:/Users/Admin/Documents/Universiteit/Year*2*Module*2A*-*Discrete*Structures*
&*Efficient*Algorithms/Project/Project-Module-7/paper/title_page.tex

("C:/Users/Admin/Documents/Universiteit/Year 2 Module 2A - Discrete Structures 
& Efficient Algorithms/Project/Project-Module-7/paper/title_page.tex"
LaTeX2e <2011/06/27>
Babel <v3.8m> and hyphenation patterns for english, afrikaans, ancientgreek, ar
abic, armenian, assamese, basque, bengali, bokmal, bulgarian, catalan, coptic, 
croatian, czech, danish, dutch, esperanto, estonian, farsi, finnish, french, ga
lician, german, german-x-2013-05-26, greek, gujarati, hindi, hungarian, iceland
ic, indonesian, interlingua, irish, italian, kannada, kurmanji, latin, latvian,
 lithuanian, malayalam, marathi, mongolian, mongolianlmc, monogreek, ngerman, n
german-x-2013-05-26, nynorsk, oriya, panjabi, pinyin, polish, portuguese, roman
ian, russian, sanskrit, serbian, slovak, slovenian, spanish, swedish, swissgerm
an, tamil, telugu, turkish, turkmen, ukenglish, ukrainian, uppersorbian, usengl
ishmax, welsh, loaded.

! LaTeX Error: Environment titlepage undefined.

See the LaTeX manual or LaTeX Companion for explanation.
Type  H <return>  for immediate help.
 ...                                              
                                                  
l.5 \begin{titlepage}
                     
Your command was ignored.
Type  I <command> <return>  to replace it with another command,
or  <return>  to continue without it.


! LaTeX Error: Missing \begin{document}.

See the LaTeX manual or LaTeX Companion for explanation.
Type  H <return>  for immediate help.
 ...                                              
                                                  
l.9 \center
            		% Centreer alles op de pagina
You're in trouble here.  Try typing  <return>  to proceed.
If that doesn't work, type  X <return>  to quit.


Overfull \hbox (20.0pt too wide) in paragraph at lines 9--9
[] 
 []

! Undefined control sequence.
<recently read> \large 
                       
l.15 \textsc{\large Universiteit Twente}
                                        \\[1.5cm]
The control sequence at the end of the top line
of your error message was never \def'ed. If you have
misspelled it (e.g., `\hobx'), type `I' and the correct
spelling (e.g., `I\hbox'). Otherwise just continue,
and I'll forget about whatever was undefined.


Overfull \hbox (63.04964pt too wide) in paragraph at lines 15--15
 \OT1/cmr/m/sc/10 Universiteit 
 []


Overfull \hbox (39.41644pt too wide) in paragraph at lines 15--15
 \OT1/cmr/m/sc/10 Twente 
 []

Missing character: There is no M in font nullfont!
Missing character: There is no o in font nullfont!
Missing character: There is no d in font nullfont!
Missing character: There is no u in font nullfont!
Missing character: There is no l in font nullfont!
Missing character: There is no e in font nullfont!
Missing character: There is no 7 in font nullfont!
Missing character: There is no - in font nullfont!
Missing character: There is no 2 in font nullfont!
Missing character: There is no 0 in font nullfont!
Missing character: There is no 1 in font nullfont!
Missing character: There is no 4 in font nullfont!
Missing character: There is no 0 in font nullfont!
Missing character: There is no 0 in font nullfont!
Missing character: There is no 4 in font nullfont!
Missing character: There is no 3 in font nullfont!
Missing character: There is no 3 in font nullfont!
! Undefined control sequence.
<recently read> \Large 
                       
l.18 ...ete Structuren \& Effeci\"ente Algoritmes}
                                                  \\[0.5cm]
The control sequence at the end of the top line
of your error message was never \def'ed. If you have
misspelled it (e.g., `\hobx'), type `I' and the correct
spelling (e.g., `I\hbox'). Otherwise just continue,
and I'll forget about whatever was undefined.


Overfull \hbox (44.89139pt too wide) in paragraph at lines 18--18
 []\OT1/cmr/m/sc/10 Discrete 
 []


Overfull \hbox (33.64421pt too wide) in paragraph at lines 18--18
 \OT1/cmr/m/sc/10 Struc- 
 []


Overfull \hbox (29.77765pt too wide) in paragraph at lines 18--18
 \OT1/cmr/m/sc/10 turen 
 []


Overfull \hbox (8.44437pt too wide) in paragraph at lines 18--18
 \OT1/cmr/m/sc/10 & 
 []


Overfull \hbox (16.54987pt too wide) in paragraph at lines 18--18
 \OT1/cmr/m/sc/10 Ef- 
 []


Overfull \hbox (43.06644pt too wide) in paragraph at lines 18--18
 \OT1/cmr/m/sc/10 feci[]ente 
 []


Overfull \hbox (17.04985pt too wide) in paragraph at lines 18--18
 \OT1/cmr/m/sc/10 Al- 
 []


Overfull \hbox (16.54434pt too wide) in paragraph at lines 18--18
 \OT1/cmr/m/sc/10 go- 
 []


Overfull \hbox (32.5776pt too wide) in paragraph at lines 18--18
 \OT1/cmr/m/sc/10 ritmes 
 []

! Undefined control sequence.
l.25 { \huge
             \bfseries Effeci\"entie van het Graaf Isomorfisme Probleem}\\[0...
The control sequence at the end of the top line
of your error message was never \def'ed. If you have
misspelled it (e.g., `\hobx'), type `I' and the correct
spelling (e.g., `I\hbox'). Otherwise just continue,
and I'll forget about whatever was undefined.


Overfull \hbox (52.1178pt too wide) in paragraph at lines 25--25
 []\OT1/cmr/bx/n/10 Effecientie 
 []


Overfull \hbox (17.4096pt too wide) in paragraph at lines 25--25
 \OT1/cmr/bx/n/10 van 
 []


Overfull \hbox (16.13187pt too wide) in paragraph at lines 25--25
 \OT1/cmr/bx/n/10 het 
 []


Overfull \hbox (28.47203pt too wide) in paragraph at lines 25--25
 \OT1/cmr/bx/n/10 Graaf 
 []


Overfull \hbox (18.48044pt too wide) in paragraph at lines 25--25
 \OT1/cmr/bx/n/10 Iso- 
 []


Overfull \hbox (23.90266pt too wide) in paragraph at lines 25--25
 \OT1/cmr/bx/n/10 mor- 
 []


Overfull \hbox (25.77902pt too wide) in paragraph at lines 25--25
 \OT1/cmr/bx/n/10 fisme 
 []


Overfull \hbox (28.5693pt too wide) in paragraph at lines 25--25
 \OT1/cmr/bx/n/10 Prob- 
 []


Overfull \hbox (23.31934pt too wide) in paragraph at lines 25--25
 \OT1/cmr/bx/n/10 leem 
 []

Missing character: There is no P in font nullfont!
Missing character: There is no r in font nullfont!
Missing character: There is no o in font nullfont!
Missing character: There is no j in font nullfont!
Missing character: There is no e in font nullfont!
Missing character: There is no c in font nullfont!
Missing character: There is no t in font nullfont!
Missing character: There is no g in font nullfont!
Missing character: There is no r in font nullfont!
Missing character: There is no o in font nullfont!
Missing character: There is no e in font nullfont!
Missing character: There is no p in font nullfont!
Missing character: There is no 1 in font nullfont!
! Undefined control sequence.
l.35 \begin{flushleft} \large
                             
The control sequence at the end of the top line
of your error message was never \def'ed. If you have
misspelled it (e.g., `\hobx'), type `I' and the correct
spelling (e.g., `I\hbox'). Otherwise just continue,
and I'll forget about whatever was undefined.

Missing character: There is no J in font nullfont!
Missing character: There is no o in font nullfont!
Missing character: There is no e in font nullfont!
Missing character: There is no r in font nullfont!
Missing character: There is no i in font nullfont!
Missing character: There is no K in font nullfont!
Missing character: There is no o in font nullfont!
Missing character: There is no c in font nullfont!
Missing character: There is no k in font nullfont!
Missing character: There is no R in font nullfont!
Missing character: There is no e in font nullfont!
Missing character: There is no m in font nullfont!
Missing character: There is no c in font nullfont!
Missing character: There is no o in font nullfont!
Missing character: There is no B in font nullfont!
Missing character: There is no r in font nullfont!
Missing character: There is no u in font nullfont!
Missing character: There is no n in font nullfont!
Missing character: There is no s in font nullfont!
Missing character: There is no v in font nullfont!
Missing character: There is no e in font nullfont!
Missing character: There is no l in font nullfont!
Missing character: There is no d in font nullfont!
Missing character: There is no F in font nullfont!
Missing character: There is no r in font nullfont!
Missing character: There is no a in font nullfont!
Missing character: There is no n in font nullfont!
Missing character: There is no k in font nullfont!
Missing character: There is no B in font nullfont!
Missing character: There is no r in font nullfont!
Missing character: There is no u in font nullfont!
Missing character: There is no g in font nullfont!
Missing character: There is no g in font nullfont!
Missing character: There is no i in font nullfont!
Missing character: There is no n in font nullfont!
Missing character: There is no k in font nullfont!
Missing character: There is no D in font nullfont!
Missing character: There is no a in font nullfont!
Missing character: There is no n in font nullfont!
Missing character: There is no i in font nullfont!
LaTeX Font Info:    Try loading font information for +cmr on input line 40.
LaTeX Font Info:    No file cmr.fd. on input line 40.

LaTeX Font Warning: Font shape `/cmr/m/n' undefined
(Font)              using `/cmr/m/n' instead on input line 40.

! Corrupted NFSS tables.
wrong@fontshape ...message {Corrupted NFSS tables}
                                                  error@fontshape else let f...
l.40 Dani\"e
            l Schut
This error message was generated by an \errmessage
command, so I can't give any explicit help.
Pretend that you're Hercule Poirot: Examine all clues,
and deduce the truth by order and method.


LaTeX Font Warning: Font shape `/cmr/m/n' undefined
(Font)              using `OT1/cmr/m/n' instead on input line 40.

Missing character: There is no l in font nullfont!
Missing character: There is no S in font nullfont!
Missing character: There is no c in font nullfont!
Missing character: There is no h in font nullfont!
Missing character: There is no u in font nullfont!
Missing character: There is no t in font nullfont!
LaTeX Font Info:    External font `cmex10' loaded for size
(Font)              <7> on input line 42.
LaTeX Font Info:    External font `cmex10' loaded for size
(Font)              <5> on input line 42.
! Undefined control sequence.
l.45 \begin{flushright} \large
                              
The control sequence at the end of the top line
of your error message was never \def'ed. If you have
misspelled it (e.g., `\hobx'), type `I' and the correct
spelling (e.g., `I\hbox'). Otherwise just continue,
and I'll forget about whatever was undefined.

Missing character: There is no P in font nullfont!
Missing character: There is no r in font nullfont!
Missing character: There is no o in font nullfont!
Missing character: There is no f in font nullfont!
Missing character: There is no . in font nullfont!
Missing character: There is no D in font nullfont!
Missing character: There is no r in font nullfont!
Missing character: There is no . in font nullfont!
Missing character: There is no J in font nullfont!
Missing character: There is no . in font nullfont!
Missing character: There is no C in font nullfont!
Missing character: There is no . in font nullfont!
Missing character: There is no v in font nullfont!
Missing character: There is no a in font nullfont!
Missing character: There is no n in font nullfont!
Missing character: There is no d in font nullfont!
Missing character: There is no e in font nullfont!
Missing character: There is no P in font nullfont!
Missing character: There is no o in font nullfont!
Missing character: There is no l in font nullfont!

Overfull \hbox (3276.74998pt too wide) in paragraph at lines 34--49
 []$[]$ 
 []


Overfull \hbox (3276.74998pt too wide) in paragraph at lines 34--49
 $[]$ 
 []

! Undefined control sequence.
l.55 {\large
             \today}\\[3cm]
The control sequence at the end of the top line
of your error message was never \def'ed. If you have
misspelled it (e.g., `\hobx'), type `I' and the correct
spelling (e.g., `I\hbox'). Otherwise just continue,
and I'll forget about whatever was undefined.

! Undefined control sequence.
l.55 {\large \today
                   }\\[3cm]
The control sequence at the end of the top line
of your error message was never \def'ed. If you have
misspelled it (e.g., `\hobx'), type `I' and the correct
spelling (e.g., `I\hbox'). Otherwise just continue,
and I'll forget about whatever was undefined.


! LaTeX Error: There's no line here to end.

See the LaTeX manual or LaTeX Companion for explanation.
Type  H <return>  for immediate help.
 ...                                              
                                                  
l.55 {\large \today}\\
                      [3cm]
Your command was ignored.
Type  I <command> <return>  to replace it with another command,
or  <return>  to continue without it.


! LaTeX Error: \begin{document} ended by \end{titlepage}.

See the LaTeX manual or LaTeX Companion for explanation.
Type  H <return>  for immediate help.
 ...                                              
                                                  
l.59 \end{titlepage}
                    
Your command was ignored.
Type  I <command> <return>  to replace it with another command,
or  <return>  to continue without it.

)
*
! Emergency stop.
<*> ...oject/Project-Module-7/paper/title_page.tex
                                                  
End of file on the terminal!

 
Here is how much of TeX's memory you used:
 30 strings out of 493921
 693 string characters out of 3144876
 50031 words of memory out of 3000000
 3419 multiletter control sequences out of 15000+200000
 4595 words of font info for 17 fonts, out of 3000000 for 9000
 841 hyphenation exceptions out of 8191
 20i,3n,18p,240b,246s stack positions out of 5000i,500n,10000p,200000b,50000s
!  ==> Fatal error occurred, no output PDF file produced!
